[debug] [2024-03-03T08:45:37.886Z] ----------------------------------------------------------------------
[debug] [2024-03-03T08:45:37.888Z] Command:       C:\Program Files\nodejs\node.exe C:\Users\Nikhil\AppData\Roaming\npm\node_modules\firebase-tools\lib\bin\firebase.js init
[debug] [2024-03-03T08:45:37.888Z] CLI Version:   13.4.0
[debug] [2024-03-03T08:45:37.888Z] Platform:      win32
[debug] [2024-03-03T08:45:37.888Z] Node Version:  v18.17.1
[debug] [2024-03-03T08:45:37.889Z] Time:          Sun Mar 03 2024 14:15:37 GMT+0530 (India Standard Time)
[debug] [2024-03-03T08:45:37.889Z] ----------------------------------------------------------------------
[debug] 
[debug] [2024-03-03T08:45:37.892Z] >>> [apiv2][query] GET https://firebase-public.firebaseio.com/cli.json [none]
[debug] [2024-03-03T08:45:37.925Z] > command requires scopes: ["email","openid","https://www.googleapis.com/auth/cloudplatformprojects.readonly","https://www.googleapis.com/auth/firebase","https://www.googleapis.com/auth/cloud-platform"]
[debug] [2024-03-03T08:45:37.925Z] > authorizing via signed-in user (skyrocksociety@gmail.com)
[info] 
     ######## #### ########  ######## ########     ###     ######  ########
     ##        ##  ##     ## ##       ##     ##  ##   ##  ##       ##
     ######    ##  ########  ######   ########  #########  ######  ######
     ##        ##  ##    ##  ##       ##     ## ##     ##       ## ##
     ##       #### ##     ## ######## ########  ##     ##  ######  ########

You're about to initialize a Firebase project in this directory:

  C:\Users\Nikhil\OneDrive\Desktop\study\Projects\ex

[debug] [2024-03-03T08:45:38.568Z] <<< [apiv2][status] GET https://firebase-public.firebaseio.com/cli.json 200
[debug] [2024-03-03T08:45:38.569Z] <<< [apiv2][body] GET https://firebase-public.firebaseio.com/cli.json {"cloudBuildErrorAfter":1594252800000,"cloudBuildWarnAfter":1590019200000,"defaultNode10After":1594252800000,"minVersion":"3.0.5","node8DeploysDisabledAfter":1613390400000,"node8RuntimeDisabledAfter":1615809600000,"node8WarnAfter":1600128000000}
[info] 
=== Project Setup
[info] 
[info] First, let's associate this project directory with a Firebase project.
[info] You can create multiple project aliases by running firebase use --add, 
[info] but for now we'll just set up a default project.
[info] 
[debug] [2024-03-03T08:46:01.878Z] > refreshing access token with scopes: []
[debug] [2024-03-03T08:46:01.879Z] >>> [apiv2][query] POST https://www.googleapis.com/oauth2/v3/token [none]
[debug] [2024-03-03T08:46:01.879Z] >>> [apiv2][body] POST https://www.googleapis.com/oauth2/v3/token [omitted]
[debug] [2024-03-03T08:46:02.158Z] <<< [apiv2][status] POST https://www.googleapis.com/oauth2/v3/token 200
[debug] [2024-03-03T08:46:02.158Z] <<< [apiv2][body] POST https://www.googleapis.com/oauth2/v3/token [omitted]
[debug] [2024-03-03T08:46:02.168Z] >>> [apiv2][query] GET https://firebase.googleapis.com/v1beta1/projects pageSize=100
[debug] [2024-03-03T08:46:02.920Z] <<< [apiv2][status] GET https://firebase.googleapis.com/v1beta1/projects 200
[debug] [2024-03-03T08:46:02.920Z] <<< [apiv2][body] GET https://firebase.googleapis.com/v1beta1/projects [omitted]
[debug] [2024-03-03T08:46:18.513Z] ----------------------------------------------------------------------
[debug] [2024-03-03T08:46:18.514Z] Command:       C:\Program Files\nodejs\node.exe C:\Users\Nikhil\AppData\Roaming\npm\node_modules\firebase-tools\lib\bin\firebase.js init
[debug] [2024-03-03T08:46:18.515Z] CLI Version:   13.4.0
[debug] [2024-03-03T08:46:18.515Z] Platform:      win32
[debug] [2024-03-03T08:46:18.515Z] Node Version:  v18.17.1
[debug] [2024-03-03T08:46:18.516Z] Time:          Sun Mar 03 2024 14:16:18 GMT+0530 (India Standard Time)
[debug] [2024-03-03T08:46:18.516Z] ----------------------------------------------------------------------
[debug] 
[debug] [2024-03-03T08:46:18.522Z] > command requires scopes: ["email","openid","https://www.googleapis.com/auth/cloudplatformprojects.readonly","https://www.googleapis.com/auth/firebase","https://www.googleapis.com/auth/cloud-platform"]
[debug] [2024-03-03T08:46:18.522Z] > authorizing via signed-in user (skyrocksociety@gmail.com)
[info] 
     ######## #### ########  ######## ########     ###     ######  ########
     ##        ##  ##     ## ##       ##     ##  ##   ##  ##       ##
     ######    ##  ########  ######   ########  #########  ######  ######
     ##        ##  ##    ##  ##       ##     ## ##     ##       ## ##
     ##       #### ##     ## ######## ########  ##     ##  ######  ########

You're about to initialize a Firebase project in this directory:

  C:\Users\Nikhil\OneDrive\Desktop\study\Projects\ex

[info] 
=== Project Setup
[info] 
[info] First, let's associate this project directory with a Firebase project.
[info] You can create multiple project aliases by running firebase use --add, 
[info] but for now we'll just set up a default project.
[info] 
[info] i  If you want to create a project in a Google Cloud organization or folder, please use "firebase projects:create" instead, and return to this command when you've created the project. 
[debug] [2024-03-03T08:47:17.363Z] ----------------------------------------------------------------------
[debug] [2024-03-03T08:47:17.365Z] Command:       C:\Program Files\nodejs\node.exe C:\Users\Nikhil\AppData\Roaming\npm\node_modules\firebase-tools\lib\bin\firebase.js init
[debug] [2024-03-03T08:47:17.365Z] CLI Version:   13.4.0
[debug] [2024-03-03T08:47:17.366Z] Platform:      win32
[debug] [2024-03-03T08:47:17.366Z] Node Version:  v18.17.1
[debug] [2024-03-03T08:47:17.366Z] Time:          Sun Mar 03 2024 14:17:17 GMT+0530 (India Standard Time)
[debug] [2024-03-03T08:47:17.367Z] ----------------------------------------------------------------------
[debug] 
[debug] [2024-03-03T08:47:17.374Z] > command requires scopes: ["email","openid","https://www.googleapis.com/auth/cloudplatformprojects.readonly","https://www.googleapis.com/auth/firebase","https://www.googleapis.com/auth/cloud-platform"]
[debug] [2024-03-03T08:47:17.375Z] > authorizing via signed-in user (skyrocksociety@gmail.com)
[info] 
     ######## #### ########  ######## ########     ###     ######  ########
     ##        ##  ##     ## ##       ##     ##  ##   ##  ##       ##
     ######    ##  ########  ######   ########  #########  ######  ######
     ##        ##  ##    ##  ##       ##     ## ##     ##       ## ##
     ##       #### ##     ## ######## ########  ##     ##  ######  ########

You're about to initialize a Firebase project in this directory:

  C:\Users\Nikhil\OneDrive\Desktop\study\Projects\ex

[info] 
=== Project Setup
[info] 
[info] First, let's associate this project directory with a Firebase project.
[info] You can create multiple project aliases by running firebase use --add, 
[info] but for now we'll just set up a default project.
[info] 
[debug] [2024-03-03T08:47:22.710Z] >>> [apiv2][query] GET https://firebase.googleapis.com/v1beta1/projects pageSize=100
[debug] [2024-03-03T08:47:24.174Z] <<< [apiv2][status] GET https://firebase.googleapis.com/v1beta1/projects 200
[debug] [2024-03-03T08:47:24.174Z] <<< [apiv2][body] GET https://firebase.googleapis.com/v1beta1/projects [omitted]
